npm warn exec The following package was not found and will be installed: serve@14.2.6
 INFO  Accepting connections at http://localhost:3000
 HTTP  5/30/2026 3:48:28 PM ::1 GET /admin.html
 HTTP  5/30/2026 3:48:28 PM ::1 Returned 301 in 366 ms
 HTTP  5/30/2026 3:48:29 PM ::1 GET /admin
 HTTP  5/30/2026 3:48:29 PM ::1 Returned 200 in 15 ms
 HTTP  5/30/2026 3:48:29 PM ::1 GET /css/main.css
 HTTP  5/30/2026 3:48:29 PM ::1 Returned 200 in 4 ms
 HTTP  5/30/2026 3:48:29 PM ::1 GET /js/main.js
 HTTP  5/30/2026 3:48:29 PM ::1 GET /js/login.js
 HTTP  5/30/2026 3:48:29 PM ::1 Returned 200 in 3 ms
 HTTP  5/30/2026 3:48:29 PM ::1 Returned 200 in 4 ms
 HTTP  5/30/2026 3:48:29 PM ::1 GET /login
 HTTP  5/30/2026 3:48:29 PM ::1 Returned 200 in 3 ms
 HTTP  5/30/2026 3:48:29 PM ::1 GET /css/main.css
 HTTP  5/30/2026 3:48:29 PM ::1 GET /js/pwa.js
 HTTP  5/30/2026 3:48:29 PM ::1 GET /js/main.js
 HTTP  5/30/2026 3:48:29 PM ::1 Returned 304 in 4 ms
 HTTP  5/30/2026 3:48:29 PM ::1 Returned 304 in 2 ms
 HTTP  5/30/2026 3:48:29 PM ::1 GET /js/login.js
 HTTP  5/30/2026 3:48:29 PM ::1 Returned 304 in 1 ms
 HTTP  5/30/2026 3:48:29 PM ::1 Returned 200 in 6 ms
 HTTP  5/30/2026 3:48:29 PM ::1 GET /header.html
 HTTP  5/30/2026 3:48:29 PM ::1 Returned 301 in 1 ms
 HTTP  5/30/2026 3:48:29 PM ::1 GET /api/user?action=config
 HTTP  5/30/2026 3:48:29 PM ::1 Returned 404 in 4 ms
 HTTP  5/30/2026 3:48:30 PM ::1 GET /header
 HTTP  5/30/2026 3:48:30 PM ::1 Returned 200 in 2 ms
 HTTP  5/30/2026 3:48:30 PM ::1 GET /sw.js
 HTTP  5/30/2026 3:48:30 PM ::1 Returned 200 in 2 ms
 HTTP  5/30/2026 3:48:30 PM ::1 GET /images/icon-192.png
 HTTP  5/30/2026 3:48:30 PM ::1 Returned 200 in 23 ms
 HTTP  5/30/2026 3:48:30 PM ::1 GET /
 HTTP  5/30/2026 3:48:30 PM ::1 GET /routes
 HTTP  5/30/2026 3:48:30 PM ::1 GET /dashboard
 HTTP  5/30/2026 3:48:30 PM ::1 Returned 200 in 8 ms
 HTTP  5/30/2026 3:48:30 PM ::1 Returned 200 in 8 ms
 HTTP  5/30/2026 3:48:30 PM ::1 Returned 200 in 9 ms
 HTTP  5/30/2026 3:48:30 PM ::1 GET /ride
 HTTP  5/30/2026 3:48:30 PM ::1 GET /nav
 HTTP  5/30/2026 3:48:30 PM ::1 GET /login
 HTTP  5/30/2026 3:48:30 PM ::1 Returned 304 in 1 ms
 HTTP  5/30/2026 3:48:30 PM ::1 Returned 200 in 5 ms
 HTTP  5/30/2026 3:48:30 PM ::1 Returned 200 in 5 ms
 HTTP  5/30/2026 3:48:30 PM ::1 GET /chat
 HTTP  5/30/2026 3:48:30 PM ::1 Returned 200 in 7 ms
 HTTP  5/30/2026 3:48:30 PM ::1 GET /tasks
 HTTP  5/30/2026 3:48:30 PM ::1 Returned 200 in 5 ms
 HTTP  5/30/2026 3:48:30 PM ::1 GET /forum
 HTTP  5/30/2026 3:48:30 PM ::1 GET /leaderboard
 HTTP  5/30/2026 3:48:30 PM ::1 Returned 200 in 26 ms
 HTTP  5/30/2026 3:48:30 PM ::1 Returned 200 in 21 ms
 HTTP  5/30/2026 3:48:30 PM ::1 GET /css/main.css
 HTTP  5/30/2026 3:48:30 PM ::1 GET /js/main.js
 HTTP  5/30/2026 3:48:30 PM ::1 GET /js/login.js
 HTTP  5/30/2026 3:48:30 PM ::1 Returned 304 in 1 ms
 HTTP  5/30/2026 3:48:30 PM ::1 Returned 304 in 2 ms
 HTTP  5/30/2026 3:48:30 PM ::1 Returned 304 in 6 ms
 HTTP  5/30/2026 3:48:30 PM ::1 GET /js/pwa.js
 HTTP  5/30/2026 3:48:30 PM ::1 Returned 304 in 0 ms
 HTTP  5/30/2026 3:48:30 PM ::1 GET /manifest.json
 HTTP  5/30/2026 3:48:30 PM ::1 GET /routes.json
 HTTP  5/30/2026 3:48:30 PM ::1 Returned 200 in 1 ms
 HTTP  5/30/2026 3:48:30 PM ::1 Returned 200 in 2 ms
 HTTP  5/30/2026 3:48:30 PM ::1 GET /header
 HTTP  5/30/2026 3:48:30 PM ::1 GET /images/icon-192.png
 HTTP  5/30/2026 3:48:30 PM ::1 Returned 304 in 1 ms
 HTTP  5/30/2026 3:48:30 PM ::1 Returned 304 in 3 ms
 HTTP  5/30/2026 3:48:30 PM ::1 GET /images/icon-512.png
 HTTP  5/30/2026 3:48:30 PM ::1 Returned 200 in 5 ms
 HTTP  5/30/2026 3:48:31 PM ::1 GET /login
 HTTP  5/30/2026 3:48:31 PM ::1 Returned 304 in 1 ms
 HTTP  5/30/2026 3:48:31 PM ::1 GET /css/main.css
 HTTP  5/30/2026 3:48:31 PM ::1 GET /js/main.js
 HTTP  5/30/2026 3:48:31 PM ::1 GET /js/login.js
 HTTP  5/30/2026 3:48:31 PM ::1 GET /js/pwa.js
 HTTP  5/30/2026 3:48:31 PM ::1 Returned 304 in 1 ms
 HTTP  5/30/2026 3:48:31 PM ::1 Returned 304 in 1 ms
 HTTP  5/30/2026 3:48:31 PM ::1 Returned 304 in 2 ms
 HTTP  5/30/2026 3:48:31 PM ::1 Returned 304 in 1 ms
 HTTP  5/30/2026 3:48:31 PM ::1 GET /api/user?action=config
 HTTP  5/30/2026 3:48:31 PM ::1 Returned 404 in 1 ms
 HTTP  5/30/2026 3:48:31 PM ::1 GET /header
 HTTP  5/30/2026 3:48:31 PM ::1 Returned 304 in 2 ms
 HTTP  5/30/2026 3:48:32 PM ::1 GET /route_detail.html?id=900
 HTTP  5/30/2026 3:48:32 PM ::1 Returned 301 in 0 ms
 HTTP  5/30/2026 3:48:32 PM ::1 GET /route_detail
 HTTP  5/30/2026 3:48:32 PM ::1 Returned 200 in 2 ms
 HTTP  5/30/2026 3:48:32 PM ::1 GET /css/main.css
 HTTP  5/30/2026 3:48:32 PM ::1 Returned 304 in 1 ms
 HTTP  5/30/2026 3:48:32 PM ::1 GET /js/main.js
 HTTP  5/30/2026 3:48:32 PM ::1 Returned 304 in 1 ms
 HTTP  5/30/2026 3:48:32 PM ::1 GET /js/pwa.js
 HTTP  5/30/2026 3:48:32 PM ::1 Returned 304 in 1 ms
 HTTP  5/30/2026 3:48:32 PM ::1 GET /header
 HTTP  5/30/2026 3:48:32 PM ::1 Returned 304 in 1 ms
 HTTP  5/30/2026 3:48:32 PM ::1 GET /sw.js
 HTTP  5/30/2026 3:48:32 PM ::1 Returned 304 in 1 ms
 HTTP  5/30/2026 3:48:34 PM ::1 GET /sw.js
 HTTP  5/30/2026 3:48:34 PM ::1 Returned 304 in 1 ms

 INFO  Gracefully shutting down. Please wait...
