 INFO  Accepting connections at http://localhost:3000
 HTTP  6/16/2026 3:35:34 PM ::1 GET /?pwa=true
 HTTP  6/16/2026 3:35:34 PM ::1 Returned 200 in 22 ms
 HTTP  6/16/2026 3:35:34 PM ::1 GET /css/main.css
 HTTP  6/16/2026 3:35:34 PM ::1 GET /images/icon-192.png
 HTTP  6/16/2026 3:35:34 PM ::1 GET /images/bike-commute.jpg
 HTTP  6/16/2026 3:35:34 PM ::1 Returned 200 in 9 ms
 HTTP  6/16/2026 3:35:34 PM ::1 GET /js/main.js
 HTTP  6/16/2026 3:35:34 PM ::1 GET /js/pwa.js
 HTTP  6/16/2026 3:35:34 PM ::1 Returned 200 in 21 ms
 HTTP  6/16/2026 3:35:34 PM ::1 Returned 200 in 13 ms
 HTTP  6/16/2026 3:35:34 PM ::1 Returned 200 in 10 ms
 HTTP  6/16/2026 3:35:34 PM ::1 Returned 200 in 26 ms
 HTTP  6/16/2026 3:35:35 PM ::1 GET /header.html
 HTTP  6/16/2026 3:35:35 PM ::1 Returned 301 in 1 ms
 HTTP  6/16/2026 3:35:35 PM ::1 GET /routes.json
 HTTP  6/16/2026 3:35:35 PM ::1 GET /images/900.jpg
 HTTP  6/16/2026 3:35:35 PM ::1 GET /images/960.jpg
 HTTP  6/16/2026 3:35:35 PM ::1 GET /images/966T.jpg
 HTTP  6/16/2026 3:35:35 PM ::1 Returned 200 in 6 ms
 HTTP  6/16/2026 3:35:35 PM ::1 Returned 200 in 6 ms
 HTTP  6/16/2026 3:35:35 PM ::1 Returned 200 in 15 ms
 HTTP  6/16/2026 3:35:35 PM ::1 Returned 200 in 20 ms
 HTTP  6/16/2026 3:35:35 PM ::1 GET /header
 HTTP  6/16/2026 3:35:35 PM ::1 Returned 200 in 4 ms
 HTTP  6/16/2026 3:35:35 PM ::1 GET /api/user?action=google-client-id
 HTTP  6/16/2026 3:35:35 PM ::1 Returned 404 in 2 ms
 HTTP  6/16/2026 3:35:35 PM ::1 GET /sw.js
 HTTP  6/16/2026 3:35:35 PM ::1 Returned 200 in 2 ms
 HTTP  6/16/2026 3:35:35 PM ::1 GET /
 HTTP  6/16/2026 3:35:35 PM ::1 GET /routes
 HTTP  6/16/2026 3:35:35 PM ::1 GET /dashboard
 HTTP  6/16/2026 3:35:35 PM ::1 Returned 200 in 2 ms
 HTTP  6/16/2026 3:35:35 PM ::1 Returned 200 in 4 ms
 HTTP  6/16/2026 3:35:35 PM ::1 Returned 200 in 4 ms
 HTTP  6/16/2026 3:35:35 PM ::1 GET /login
 HTTP  6/16/2026 3:35:35 PM ::1 GET /ride
 HTTP  6/16/2026 3:35:35 PM ::1 Returned 200 in 3 ms
 HTTP  6/16/2026 3:35:35 PM ::1 GET /nav
 HTTP  6/16/2026 3:35:35 PM ::1 Returned 200 in 5 ms
 HTTP  6/16/2026 3:35:35 PM ::1 GET /chat
 HTTP  6/16/2026 3:35:35 PM ::1 Returned 200 in 4 ms
 HTTP  6/16/2026 3:35:35 PM ::1 Returned 200 in 5 ms
 HTTP  6/16/2026 3:35:35 PM ::1 GET /tasks
 HTTP  6/16/2026 3:35:35 PM ::1 GET /forum
 HTTP  6/16/2026 3:35:35 PM ::1 GET /leaderboard
 HTTP  6/16/2026 3:35:35 PM ::1 Returned 200 in 5 ms
 HTTP  6/16/2026 3:35:35 PM ::1 Returned 200 in 6 ms
 HTTP  6/16/2026 3:35:35 PM ::1 Returned 200 in 6 ms
 HTTP  6/16/2026 3:35:35 PM ::1 GET /js/login.js
 HTTP  6/16/2026 3:35:35 PM ::1 GET /css/main.css
 HTTP  6/16/2026 3:35:35 PM ::1 GET /js/main.js
 HTTP  6/16/2026 3:35:35 PM ::1 Returned 304 in 1 ms
 HTTP  6/16/2026 3:35:35 PM ::1 Returned 304 in 2 ms
 HTTP  6/16/2026 3:35:35 PM ::1 Returned 200 in 3 ms
 HTTP  6/16/2026 3:35:35 PM ::1 GET /js/pwa.js
 HTTP  6/16/2026 3:35:35 PM ::1 GET /manifest.json
 HTTP  6/16/2026 3:35:35 PM ::1 Returned 304 in 1 ms
 HTTP  6/16/2026 3:35:35 PM ::1 GET /header
 HTTP  6/16/2026 3:35:35 PM ::1 GET /routes.json
 HTTP  6/16/2026 3:35:35 PM ::1 Returned 304 in 2 ms
 HTTP  6/16/2026 3:35:35 PM ::1 Returned 304 in 5 ms
 HTTP  6/16/2026 3:35:35 PM ::1 Returned 200 in 7 ms
 HTTP  6/16/2026 3:35:35 PM ::1 GET /images/icon-192.png
 HTTP  6/16/2026 3:35:35 PM ::1 GET /images/icon-512.png
 HTTP  6/16/2026 3:35:35 PM ::1 Returned 304 in 1 ms
 HTTP  6/16/2026 3:35:35 PM ::1 Returned 200 in 6 ms
 HTTP  6/16/2026 3:35:35 PM ::1 GET /?pwa=true
 HTTP  6/16/2026 3:35:35 PM ::1 Returned 304 in 1 ms
 HTTP  6/16/2026 3:35:36 PM ::1 GET /css/main.css
 HTTP  6/16/2026 3:35:36 PM ::1 Returned 304 in 1 ms
 HTTP  6/16/2026 3:35:36 PM ::1 GET /images/bike-commute.jpg
 HTTP  6/16/2026 3:35:36 PM ::1 Returned 304 in 1 ms
 HTTP  6/16/2026 3:35:36 PM ::1 GET /js/main.js
 HTTP  6/16/2026 3:35:36 PM ::1 Returned 304 in 2 ms
 HTTP  6/16/2026 3:35:36 PM ::1 GET /js/pwa.js
 HTTP  6/16/2026 3:35:36 PM ::1 Returned 304 in 2 ms
 HTTP  6/16/2026 3:35:36 PM ::1 GET /images/900.jpg
 HTTP  6/16/2026 3:35:36 PM ::1 GET /images/960.jpg
 HTTP  6/16/2026 3:35:36 PM ::1 GET /images/966T.jpg
 HTTP  6/16/2026 3:35:36 PM ::1 GET /header
 HTTP  6/16/2026 3:35:36 PM ::1 Returned 304 in 1 ms
 HTTP  6/16/2026 3:35:36 PM ::1 Returned 304 in 2 ms
 HTTP  6/16/2026 3:35:36 PM ::1 Returned 206 in 3 ms
 HTTP  6/16/2026 3:35:36 PM ::1 Returned 304 in 4 ms
 HTTP  6/16/2026 3:35:36 PM ::1 GET /images/966T.jpg
 HTTP  6/16/2026 3:35:36 PM ::1 Returned 206 in 2 ms
 HTTP  6/16/2026 3:35:36 PM ::1 GET /api/user?action=google-client-id
 HTTP  6/16/2026 3:35:36 PM ::1 Returned 404 in 2 ms

 INFO  Gracefully shutting down. Please wait...
